[alice] prêt pour prendre une nouvelle commande...
[alice] j'ai la commande '['planteur', 'piña colada', 'coco punch', 'mojito', 'daiquiri', 'ti-punch']'
[alice] j'écris sur le post-it '['planteur', 'piña colada', 'coco punch', 'mojito', 'daiquiri', 'ti-punch']'
[bob] je commence la fabrication de '['planteur', 'piña colada', 'coco punch', 'mojito', 'daiquiri', 'ti-punch']'
[bob] je prépare 'planteur'
[bob] je prépare 'piña colada'
[bob] je prépare 'coco punch'
[bob] je prépare 'mojito'
[bob] je prépare 'daiquiri'
[bob] je prépare 'ti-punch'
[bob] la commande ['planteur', 'piña colada', 'coco punch', 'mojito', 'daiquiri', 'ti-punch'] est prête
[bob] je sers directement '['planteur', 'piña colada', 'coco punch', 'mojito', 'daiquiri', 'ti-punch']'
[bob] je prépare et sers 'planteur'
[bob] je prépare et sers 'piña colada'
[prosper] prêt pour prendre une nouvelle commande...
[prosper] j'ai la commande '['bloody mary', 'moscow mule', 'caïpiroska', 'blue lagoon', 'french love', 'greyhound', 'cosmopolitan']'
[prosper] j'écris sur le post-it '['bloody mary', 'moscow mule', 'caïpiroska', 'blue lagoon', 'french love', 'greyhound', 'cosmopolitan']'
[alice] prêt pour prendre une nouvelle commande...
[alice] j'ai la commande '['tequila sunrise', 'margarita', 'cucaracha']'
[alice] j'écris sur le post-it '['tequila sunrise', 'margarita', 'cucaracha']'
[bob] je prépare et sers 'coco punch'
[bob] je prépare et sers 'mojito'
[bob] je prépare et sers 'daiquiri'
[bob] je prépare et sers 'ti-punch'
[bob] je commence la fabrication de '['tequila sunrise', 'margarita', 'cucaracha']'
[bob] je prépare 'tequila sunrise'
[bob] je prépare 'margarita'
[bob] je prépare 'cucaracha'
[bob] la commande ['tequila sunrise', 'margarita', 'cucaracha'] est prête
[bob] je commence la fabrication de '['bloody mary', 'moscow mule', 'caïpiroska', 'blue lagoon', 'french love', 'greyhound', 'cosmopolitan']'
[bob] je prépare 'bloody mary'
[bob] je prépare 'moscow mule'
[bob] je prépare 'caïpiroska'
[bob] je prépare 'blue lagoon'
[bob] je prépare 'french love'
[bob] je prépare 'greyhound'
[bob] je prépare 'cosmopolitan'
[bob] la commande ['bloody mary', 'moscow mule', 'caïpiroska', 'blue lagoon', 'french love', 'greyhound', 'cosmopolitan'] est prête
[bob] je sers directement '['tequila sunrise', 'margarita', 'cucaracha']'
[bob] je prépare et sers 'tequila sunrise'
[bob] je prépare et sers 'margarita'
[bob] je prépare et sers 'cucaracha'
[bob] je sers directement '['bloody mary', 'moscow mule', 'caïpiroska', 'blue lagoon', 'french love', 'greyhound', 'cosmopolitan']'
[bob] je prépare et sers 'bloody mary'
[bob] je prépare et sers 'moscow mule'
[bob] je prépare et sers 'caïpiroska'
[bob] je prépare et sers 'blue lagoon'
[bob] je prépare et sers 'french love'
[bob] je prépare et sers 'greyhound'
[bob] je prépare et sers 'cosmopolitan'
